Started by user [8mha:////4DVmwd1ehDnnZ1g5BYZQ3NCdQuDh+Xqf5yKu+L/AnMqyAAAAmR+LCAAAAAAAAP9b85aBtbiIQTGjNKU4P08vOT+vOD8nVc83PyU1x6OyILUoJzMv2y+/JJUBAhiZGBgqihhk0NSjKDWzXb3RdlLBUSYGJk8GtpzUvPSSDB8G5tKinBIGIZ+sxLJE/ZzEvHT94JKizLx0a6BxUmjGOUNodHsLgAz+EgZe/dLi1CL9osS8rMySDAC1PWbIwgAAAA==[0mRanjith Kumar K
Running as SYSTEM
Building on the built-in node in workspace /var/lib/jenkins/workspace/First Job
The recommended git tool is: NONE
No credentials specified
 > git rev-parse --resolve-git-dir /var/lib/jenkins/workspace/First Job/.git # timeout=10
Fetching changes from the remote Git repository
 > git config remote.origin.url https://github.com/anushapate/c-project1.git # timeout=10
Fetching upstream changes from https://github.com/anushapate/c-project1.git
 > git --version # timeout=10
 > git --version # 'git version 2.39.3'
 > git fetch --tags --force --progress -- https://github.com/anushapate/c-project1.git +refs/heads/*:refs/remotes/origin/* # timeout=10
 > git rev-parse refs/remotes/origin/main^{commit} # timeout=10
Checking out Revision 1dccc7976727d116486da8e02df95f7c3a6d302b (refs/remotes/origin/main)
 > git config core.sparsecheckout # timeout=10
 > git checkout -f 1dccc7976727d116486da8e02df95f7c3a6d302b # timeout=10
Commit message: "Update test"
 > git rev-list --no-walk 1dccc7976727d116486da8e02df95f7c3a6d302b # timeout=10
Triggering projects: [8mha:////4CoR5N7KZXqfF+9q8f4HWUUq7Vs2pPf549pQ5/ifKkXSAAAAlx+LCAAAAAAAAP9b85aBtbiIQSajNKU4P08vOT+vOD8nVc+jsiC1KCczL9svvyTVzHb1RttJBUeZGJg8GdhyUvPSSzJ8GJhLi3JKGIR8shLLEvVzEvPS9YNLijLz0q0rihik0IxzhtAgwxgggJGJgaGiAMgQKGEQ08/KT9IvzswtyEmNd44vKMpPL0rM1QcAy1gR0JsAAAA=[0msimple_C_program
Triggering projects: [8mha:////4AZ6b/+IziCQpEln3nCnW6KCXodebJe17oAWMvzZEAl3AAAAkB+LCAAAAAAAAP9b85aBtbiIQSajNKU4P08vOT+vOD8nVc+jsiC1KCczL9svvyTVzHb1RttJBUeZGJg8GdhyUvPSSzJ8GJhLi3JKGIR8shLLEvVzEvPS9YNLijLz0q0rihik0IxzhtAgwxgggJGJgaGiAMjgApqhn5WfpB+cClSdompk4AXkAABo1h/wlwAAAA==[0mSecond Job
[First Job] $ mvn package
[INFO] Scanning for projects...
[INFO] ------------------------------------------------------------------------
[INFO] BUILD FAILURE
[INFO] ------------------------------------------------------------------------
[INFO] Total time:  0.087 s
[INFO] Finished at: 2023-09-07T15:44:16Z
[INFO] ------------------------------------------------------------------------
[8mha:////4PYg2AKl5fekdcy4skFz1fd5sUmo0V4vu/TmUS5YPIgqAAAAYB+LCAAAAAAAAP9b85aBtbiIQSmjNKU4P0+vJLE4u1gvPjexLDVPzxdEuhYV5Rf55Zek1m9pfpLfVWLNxMBQUcQgBdWQnJ9XnJ+TqucMoUEKGSCAEaSwAABqVhoSYAAAAA==[0m[ERROR] The goal you specified requires a project to execute but there is no POM in this directory (/var/lib/jenkins/workspace/First Job). Please verify you invoked Maven from the correct directory. -> [Help 1]
[8mha:////4PYg2AKl5fekdcy4skFz1fd5sUmo0V4vu/TmUS5YPIgqAAAAYB+LCAAAAAAAAP9b85aBtbiIQSmjNKU4P0+vJLE4u1gvPjexLDVPzxdEuhYV5Rf55Zek1m9pfpLfVWLNxMBQUcQgBdWQnJ9XnJ+TqucMoUEKGSCAEaSwAABqVhoSYAAAAA==[0m[ERROR] 
[8mha:////4PYg2AKl5fekdcy4skFz1fd5sUmo0V4vu/TmUS5YPIgqAAAAYB+LCAAAAAAAAP9b85aBtbiIQSmjNKU4P0+vJLE4u1gvPjexLDVPzxdEuhYV5Rf55Zek1m9pfpLfVWLNxMBQUcQgBdWQnJ9XnJ+TqucMoUEKGSCAEaSwAABqVhoSYAAAAA==[0m[ERROR] To see the full stack trace of the errors, re-run Maven with the -e switch.
[8mha:////4PYg2AKl5fekdcy4skFz1fd5sUmo0V4vu/TmUS5YPIgqAAAAYB+LCAAAAAAAAP9b85aBtbiIQSmjNKU4P0+vJLE4u1gvPjexLDVPzxdEuhYV5Rf55Zek1m9pfpLfVWLNxMBQUcQgBdWQnJ9XnJ+TqucMoUEKGSCAEaSwAABqVhoSYAAAAA==[0m[ERROR] Re-run Maven using the -X switch to enable full debug logging.
[8mha:////4PYg2AKl5fekdcy4skFz1fd5sUmo0V4vu/TmUS5YPIgqAAAAYB+LCAAAAAAAAP9b85aBtbiIQSmjNKU4P0+vJLE4u1gvPjexLDVPzxdEuhYV5Rf55Zek1m9pfpLfVWLNxMBQUcQgBdWQnJ9XnJ+TqucMoUEKGSCAEaSwAABqVhoSYAAAAA==[0m[ERROR] 
[8mha:////4PYg2AKl5fekdcy4skFz1fd5sUmo0V4vu/TmUS5YPIgqAAAAYB+LCAAAAAAAAP9b85aBtbiIQSmjNKU4P0+vJLE4u1gvPjexLDVPzxdEuhYV5Rf55Zek1m9pfpLfVWLNxMBQUcQgBdWQnJ9XnJ+TqucMoUEKGSCAEaSwAABqVhoSYAAAAA==[0m[ERROR] For more information about the errors and possible solutions, please read the following articles:
[8mha:////4PYg2AKl5fekdcy4skFz1fd5sUmo0V4vu/TmUS5YPIgqAAAAYB+LCAAAAAAAAP9b85aBtbiIQSmjNKU4P0+vJLE4u1gvPjexLDVPzxdEuhYV5Rf55Zek1m9pfpLfVWLNxMBQUcQgBdWQnJ9XnJ+TqucMoUEKGSCAEaSwAABqVhoSYAAAAA==[0m[ERROR] [Help 1] http://cwiki.apache.org/confluence/display/MAVEN/MissingProjectException
Build step 'Invoke top-level Maven targets' marked build as failure
Finished: FAILURE
